[2018-04-12T09:28:19.205] [INFO] console - GET /register?username=tester&password=f5d1278e8109edd94e1e4197e04873b9
[2018-04-12T09:28:24.483] [INFO] console - GET /register?username=tester&password=f5d1278e8109edd94e1e4197e04873b9
[2018-04-12T09:29:11.239] [INFO] console - GET /login?username=tester&password=f5d1278e8109edd94e1e4197e04873b9
[2018-04-12T10:41:43.734] [INFO] console - GET /login?username=tester&password=f5d1278e8109edd94e1e4197e04873b9
[2018-04-12T10:49:58.108] [INFO] console - GET /login?username=tester&password=f5d1278e8109edd94e1e4197e04873b9
[2018-04-12T10:50:01.147] [INFO] console - GET /login?username=tester&password=f5d1278e8109edd94e1e4197e04873b9
[2018-04-12T16:05:09.596] [INFO] console - GET /login?username=tester&password=f5d1278e8109edd94e1e4197e04873b9
[2018-04-12T16:32:46.739] [INFO] console - GET /login?username=tester&password=f5d1278e8109edd94e1e4197e04873b9
[2018-04-12T16:36:34.270] [INFO] console - GET /login?username=tester&password=f5d1278e8109edd94e1e4197e04873b9
[2018-04-12T16:38:21.493] [INFO] console - GET /login?username=tester&password=f5d1278e8109edd94e1e4197e04873b9
[2018-04-12T17:10:14.077] [INFO] console - OPTIONS /login?username=tester&password=f5d1278e8109edd94e1e4197e04873b9
[2018-04-12T17:11:01.335] [INFO] console - OPTIONS /login?username=tester&password=f5d1278e8109edd94e1e4197e04873b9
[2018-04-12T17:12:40.846] [INFO] console - OPTIONS /login
[2018-04-12T17:13:12.893] [INFO] console - OPTIONS /login?username=tester&password=f5d1278e8109edd94e1e4197e04873b9
[2018-04-12T17:15:26.800] [INFO] console - OPTIONS /login?username=tester&password=f5d1278e8109edd94e1e4197e04873b9
[2018-04-12T17:15:48.885] [INFO] console - GET /login?username=tester&password=f5d1278e8109edd94e1e4197e04873b9
[2018-04-12T17:21:34.211] [INFO] console - GET /login?username=tester&password=f5d1278e8109edd94e1e4197e04873b9
[2018-04-12T17:24:36.260] [INFO] console - OPTIONS /login?username=tester&password=f5d1278e8109edd94e1e4197e04873b9
[2018-04-12T17:24:41.636] [INFO] console - OPTIONS /login?username=tester&password=f5d1278e8109edd94e1e4197e04873b9
[2018-04-12T17:26:42.937] [INFO] console - OPTIONS /login?username=tester&password=f5d1278e8109edd94e1e4197e04873b9
[2018-04-12T17:26:47.751] [INFO] console - OPTIONS /login?username=tester&password=f5d1278e8109edd94e1e4197e04873b9
[2018-04-12T17:27:56.844] [INFO] console - OPTIONS /login?username=tester&password=f5d1278e8109edd94e1e4197e04873b9
[2018-04-12T17:36:26.409] [INFO] console - OPTIONS /login?username=tester&password=f5d1278e8109edd94e1e4197e04873b9
[2018-04-12T17:36:26.518] [INFO] console - GET /login?username=tester&password=f5d1278e8109edd94e1e4197e04873b9
[2018-04-12T17:41:20.494] [INFO] console - OPTIONS /login?username=tester&password=f5d1278e8109edd94e1e4197e04873b9
[2018-04-12T17:41:20.589] [INFO] console - GET /login?username=tester&password=f5d1278e8109edd94e1e4197e04873b9
[2018-04-12T17:42:23.300] [INFO] console - OPTIONS /login
[2018-04-12T17:42:23.306] [INFO] console - POST /login
[2018-04-12T17:42:59.561] [INFO] console - OPTIONS /login
[2018-04-12T17:42:59.563] [INFO] console - POST /login
[2018-04-12T17:45:05.773] [INFO] console - OPTIONS /login?username=tester&password=f5d1278e8109edd94e1e4197e04873b9
[2018-04-12T17:45:05.875] [INFO] console - GET /login?username=tester&password=f5d1278e8109edd94e1e4197e04873b9
[2018-04-12T17:45:58.358] [INFO] console - OPTIONS /login?username=tester&password=f5d1278e8109edd94e1e4197e04873b9
[2018-04-12T17:45:58.446] [INFO] console - GET /login?username=tester&password=f5d1278e8109edd94e1e4197e04873b9
